<?xml version="1.0" encoding="UTF-8"?>
<testsuite name="Cucumber" time="0.148" tests="1" skipped="0" failures="0" errors="0">
<testcase classname="Testing login functionality" name="Check Login is successful with login credentials" time="0.027">
<system-out><![CDATA[
Given user is on login page.................................................passed
When user enters Username and Password......................................passed
And Clicks on Login button..................................................passed
Then User is Navigated to Home Page.........................................passed
]]></system-out>
</testcase>
</testsuite>
