<?xml version="1.0" encoding="UTF-8"?>
<testng-results ignored="0" total="1" passed="1" failed="0" skipped="0">
  <reporter-output>
  </reporter-output>
  <suite started-at="2024-09-20T00:51:46 IST" name="Default suite" finished-at="2024-09-20T00:51:50 IST" duration-ms="3935">
    <groups>
    </groups>
    <test started-at="2024-09-20T00:51:46 IST" name="Default test" finished-at="2024-09-20T00:51:50 IST" duration-ms="3935">
      <class name="APITests.GetAndPostTest">
        <test-method signature="testPost()[pri:0, instance:APITests.GetAndPostTest@4f2b503c]" started-at="2024-09-20T00:51:46 IST" name="testPost" finished-at="2024-09-20T00:51:50 IST" duration-ms="3895" status="PASS">
          <reporter-output>
          </reporter-output>
        </test-method> <!-- testPost -->
      </class> <!-- APITests.GetAndPostTest -->
    </test> <!-- Default test -->
  </suite> <!-- Default suite -->
</testng-results>
